2023-06-10 10:16:34,099 - root - INFO - Config file: default_config.yaml
2023-06-10 10:16:36,269 - root - INFO - Simulation directory: ./sims/
2023-06-10 10:16:36,269 - root - INFO - Log directory: /home/ajvendetta/ray_results
2023-06-10 10:16:36,269 - root - INFO - True
2023-06-10 10:20:06,013 - root - INFO - Config file: default_config.yaml
2023-06-10 10:20:08,084 - root - INFO - Simulation directory: ./sims/
2023-06-10 10:20:08,084 - root - INFO - Log directory: /home/ajvendetta/ray_results
2023-06-10 10:20:08,084 - root - INFO - True
2023-06-10 10:20:23,380 - root - INFO - Config file: default_config.yaml
2023-06-10 10:20:25,436 - root - INFO - Simulation directory: ./sims/
2023-06-10 10:20:25,436 - root - INFO - Log directory: /home/ajvendetta/ray_results
2023-06-10 10:20:25,436 - root - INFO - True
2023-06-10 10:20:57,272 - root - INFO - Config file: default_config.yaml
2023-06-10 10:20:59,469 - root - INFO - Simulation directory: ./sims/
2023-06-10 10:20:59,470 - root - INFO - Log directory: /home/ajvendetta/ray_results
2023-06-10 10:20:59,470 - root - INFO - True
2023-06-10 10:20:59,476 - pyswarms.backend.generators - ERROR - Bounds and/or init_pos should be of size (34,)
Traceback (most recent call last):
  File "/home/ajvendetta/.pyenv/versions/cassie/lib/python3.8/site-packages/pyswarms/backend/generators.py", line 74, in generate_swarm
    lb, ub = bounds
ValueError: too many values to unpack (expected 2)
2023-06-10 10:21:35,989 - root - INFO - Config file: default_config.yaml
2023-06-10 10:21:38,235 - root - INFO - Simulation directory: ./sims/
2023-06-10 10:21:38,236 - root - INFO - Log directory: /home/ajvendetta/ray_results
2023-06-10 10:21:38,236 - root - INFO - True
2023-06-10 10:21:38,247 - pyswarms.backend.generators - ERROR - Bounds and/or init_pos should be of size (34,)
Traceback (most recent call last):
  File "/home/ajvendetta/.pyenv/versions/cassie/lib/python3.8/site-packages/pyswarms/backend/generators.py", line 74, in generate_swarm
    lb, ub = bounds
ValueError: too many values to unpack (expected 2)
2023-06-10 10:22:48,115 - root - INFO - Config file: default_config.yaml
2023-06-10 10:22:50,150 - root - INFO - Simulation directory: ./sims/
2023-06-10 10:22:50,150 - root - INFO - Log directory: /home/ajvendetta/ray_results
2023-06-10 10:22:50,150 - root - INFO - True
2023-06-10 10:22:50,157 - pyswarms.backend.generators - ERROR - Bounds and/or init_pos should be of size (17,)
Traceback (most recent call last):
  File "/home/ajvendetta/.pyenv/versions/cassie/lib/python3.8/site-packages/pyswarms/backend/generators.py", line 74, in generate_swarm
    lb, ub = bounds
ValueError: too many values to unpack (expected 2)
2023-06-10 10:23:28,658 - root - INFO - Config file: default_config.yaml
2023-06-10 10:23:30,716 - root - INFO - Simulation directory: ./sims/
2023-06-10 10:23:30,716 - root - INFO - Log directory: /home/ajvendetta/ray_results
2023-06-10 10:23:30,716 - root - INFO - True
2023-06-10 10:23:30,723 - pyswarms.backend.generators - ERROR - Bounds and/or init_pos should be of size (17,)
Traceback (most recent call last):
  File "/home/ajvendetta/.pyenv/versions/cassie/lib/python3.8/site-packages/pyswarms/backend/generators.py", line 75, in generate_swarm
    lb, ub = bounds
ValueError: too many values to unpack (expected 2)
2023-06-10 10:24:15,123 - root - INFO - Config file: default_config.yaml
2023-06-10 10:24:17,173 - root - INFO - Simulation directory: ./sims/
2023-06-10 10:24:17,173 - root - INFO - Log directory: /home/ajvendetta/ray_results
2023-06-10 10:24:17,173 - root - INFO - True
2023-06-10 10:24:17,179 - pyswarms.backend.generators - ERROR - Bounds and/or init_pos should be of size (17,)
Traceback (most recent call last):
  File "/home/ajvendetta/.pyenv/versions/cassie/lib/python3.8/site-packages/pyswarms/backend/generators.py", line 74, in generate_swarm
    lb, ub = bounds
ValueError: too many values to unpack (expected 2)
2023-06-10 10:24:41,963 - root - INFO - Config file: default_config.yaml
2023-06-10 10:24:44,013 - root - INFO - Simulation directory: ./sims/
2023-06-10 10:24:44,013 - root - INFO - Log directory: /home/ajvendetta/ray_results
2023-06-10 10:24:44,013 - root - INFO - True
2023-06-10 10:24:44,019 - pyswarms.backend.generators - ERROR - Bounds and/or init_pos should be of size (17,)
Traceback (most recent call last):
  File "/home/ajvendetta/.pyenv/versions/cassie/lib/python3.8/site-packages/pyswarms/backend/generators.py", line 75, in generate_swarm
    lb, ub = bounds
ValueError: too many values to unpack (expected 2)
2023-06-10 10:27:18,615 - root - INFO - Config file: default_config.yaml
2023-06-10 10:27:20,730 - root - INFO - Simulation directory: ./sims/
2023-06-10 10:27:20,731 - root - INFO - Log directory: /home/ajvendetta/ray_results
2023-06-10 10:27:20,731 - root - INFO - True
2023-06-10 10:27:20,739 - pyswarms.backend.generators - ERROR - Bounds and/or init_pos should be of size (17,)
Traceback (most recent call last):
  File "/home/ajvendetta/.pyenv/versions/cassie/lib/python3.8/site-packages/pyswarms/backend/generators.py", line 75, in generate_swarm
    lb, ub = bounds
ValueError: too many values to unpack (expected 2)
2023-06-10 10:27:34,664 - root - INFO - Config file: default_config.yaml
2023-06-10 10:27:36,717 - root - INFO - Simulation directory: ./sims/
2023-06-10 10:27:36,717 - root - INFO - Log directory: /home/ajvendetta/ray_results
2023-06-10 10:27:36,717 - root - INFO - True
2023-06-10 10:27:36,731 - pyswarms.single.global_best - INFO - Optimize for 10 iters with {'c1': 0.5, 'c2': 0.3, 'w': 0.9}
2023-06-10 10:29:03,859 - root - INFO - Config file: default_config.yaml
2023-06-10 10:29:05,992 - root - INFO - Simulation directory: ./sims/
2023-06-10 10:29:05,992 - root - INFO - Log directory: /home/ajvendetta/ray_results
2023-06-10 10:29:05,992 - root - INFO - True
2023-06-10 10:29:06,002 - pyswarms.single.global_best - INFO - Optimize for 10 iters with {'c1': 0.5, 'c2': 0.3, 'w': 0.9}
2023-06-10 10:30:02,533 - root - INFO - Config file: default_config.yaml
2023-06-10 10:30:04,998 - root - INFO - Simulation directory: ./sims/
2023-06-10 10:30:04,999 - root - INFO - Log directory: /home/ajvendetta/ray_results
2023-06-10 10:30:04,999 - root - INFO - True
2023-06-10 10:30:05,010 - pyswarms.single.global_best - INFO - Optimize for 10 iters with {'c1': 0.5, 'c2': 0.3, 'w': 0.9}
2023-06-10 10:30:20,263 - root - INFO - Config file: default_config.yaml
2023-06-10 10:30:22,316 - root - INFO - Simulation directory: ./sims/
2023-06-10 10:30:22,316 - root - INFO - Log directory: /home/ajvendetta/ray_results
2023-06-10 10:30:22,316 - root - INFO - True
2023-06-10 10:30:22,326 - pyswarms.single.global_best - INFO - Optimize for 10 iters with {'c1': 0.5, 'c2': 0.3, 'w': 0.9}
2023-06-10 10:34:29,747 - root - INFO - Config file: default_config.yaml
2023-06-10 10:34:31,784 - root - INFO - Simulation directory: ./sims/
2023-06-10 10:34:31,784 - root - INFO - Log directory: /home/ajvendetta/ray_results
2023-06-10 10:34:31,785 - root - INFO - True
2023-06-10 10:34:31,791 - pyswarms.backend.generators - ERROR - Bounds and/or init_pos should be of size (17,)
Traceback (most recent call last):
  File "/home/ajvendetta/.pyenv/versions/cassie/lib/python3.8/site-packages/pyswarms/backend/generators.py", line 76, in generate_swarm
    np.array(lb)[np.newaxis, :], n_particles, axis=0
ValueError: setting an array element with a sequence. The requested array has an inhomogeneous shape after 1 dimensions. The detected shape was (17,) + inhomogeneous part.
2023-06-10 10:35:21,911 - root - INFO - Config file: default_config.yaml
2023-06-10 10:35:24,009 - root - INFO - Simulation directory: ./sims/
2023-06-10 10:35:24,009 - root - INFO - Log directory: /home/ajvendetta/ray_results
2023-06-10 10:35:24,009 - root - INFO - True
2023-06-10 10:36:09,813 - root - INFO - Config file: default_config.yaml
2023-06-10 10:36:11,910 - root - INFO - Simulation directory: ./sims/
2023-06-10 10:36:11,910 - root - INFO - Log directory: /home/ajvendetta/ray_results
2023-06-10 10:36:11,910 - root - INFO - True
2023-06-10 10:36:11,920 - pyswarms.single.global_best - INFO - Optimize for 10 iters with {'c1': 0.5, 'c2': 0.3, 'w': 0.9}
2023-06-10 10:36:54,804 - root - INFO - Config file: default_config.yaml
2023-06-10 10:36:56,842 - root - INFO - Simulation directory: ./sims/
2023-06-10 10:36:56,843 - root - INFO - Log directory: /home/ajvendetta/ray_results
2023-06-10 10:36:56,843 - root - INFO - True
2023-06-10 10:36:56,852 - pyswarms.single.global_best - INFO - Optimize for 10 iters with {'c1': 0.5, 'c2': 0.3, 'w': 0.9}
2023-06-10 10:37:38,581 - root - INFO - Config file: default_config.yaml
2023-06-10 10:37:40,678 - root - INFO - Simulation directory: ./sims/
2023-06-10 10:37:40,678 - root - INFO - Log directory: /home/ajvendetta/ray_results
2023-06-10 10:37:40,678 - root - INFO - True
2023-06-10 10:37:40,688 - pyswarms.single.global_best - INFO - Optimize for 10 iters with {'c1': 0.5, 'c2': 0.3, 'w': 0.9}
2023-06-10 10:39:53,037 - root - INFO - Config file: default_config.yaml
2023-06-10 10:39:55,348 - root - INFO - Simulation directory: ./sims/
2023-06-10 10:39:55,348 - root - INFO - Log directory: /home/ajvendetta/ray_results
2023-06-10 10:39:55,348 - root - INFO - True
2023-06-10 10:39:55,360 - pyswarms.single.global_best - INFO - Optimize for 10 iters with {'c1': 0.5, 'c2': 0.3, 'w': 0.9}
2023-06-10 10:42:09,041 - root - INFO - Config file: default_config.yaml
2023-06-10 10:42:11,550 - root - INFO - Simulation directory: ./sims/
2023-06-10 10:42:11,550 - root - INFO - Log directory: /home/ajvendetta/ray_results
2023-06-10 10:42:11,550 - root - INFO - True
2023-06-10 10:42:11,562 - pyswarms.single.global_best - INFO - Optimize for 10 iters with {'c1': 0.5, 'c2': 0.3, 'w': 0.9}
2023-06-10 10:44:53,844 - root - INFO - Config file: default_config.yaml
2023-06-10 10:44:56,022 - root - INFO - Simulation directory: ./sims/
2023-06-10 10:44:56,022 - root - INFO - Log directory: /home/ajvendetta/ray_results
2023-06-10 10:44:56,022 - root - INFO - True
2023-06-10 10:44:56,032 - pyswarms.single.global_best - INFO - Optimize for 10 iters with {'c1': 0.5, 'c2': 0.3, 'w': 0.9}
2023-06-10 10:49:46,996 - root - INFO - Config file: default_config.yaml
2023-06-10 10:49:49,042 - root - INFO - Simulation directory: ./sims/
2023-06-10 10:49:49,042 - root - INFO - Log directory: /home/ajvendetta/ray_results
2023-06-10 10:49:49,042 - root - INFO - True
2023-06-10 10:49:49,056 - pyswarms.single.global_best - INFO - Optimize for 10 iters with {'c1': 0.5, 'c2': 0.3, 'w': 0.9}
2023-06-10 10:50:01,337 - root - INFO - Config file: default_config.yaml
2023-06-10 10:50:03,404 - root - INFO - Simulation directory: ./sims/
2023-06-10 10:50:03,404 - root - INFO - Log directory: /home/ajvendetta/ray_results
2023-06-10 10:50:03,404 - root - INFO - True
2023-06-10 10:50:03,413 - pyswarms.single.global_best - INFO - Optimize for 10 iters with {'c1': 0.5, 'c2': 0.3, 'w': 0.9}
2023-06-10 10:51:03,416 - root - INFO - Config file: default_config.yaml
2023-06-10 10:51:05,882 - root - INFO - Simulation directory: ./sims/
2023-06-10 10:51:05,882 - root - INFO - Log directory: /home/ajvendetta/ray_results
2023-06-10 10:51:05,883 - root - INFO - True
2023-06-10 10:51:05,893 - pyswarms.single.global_best - INFO - Optimize for 10 iters with {'c1': 0.5, 'c2': 0.3, 'w': 0.9}
2023-06-10 10:55:22,808 - root - INFO - Config file: default_config.yaml
2023-06-10 10:55:24,937 - root - INFO - Simulation directory: ./sims/
2023-06-10 10:55:24,937 - root - INFO - Log directory: /home/ajvendetta/ray_results
2023-06-10 10:55:24,937 - root - INFO - True
2023-06-10 10:55:24,947 - pyswarms.single.global_best - INFO - Optimize for 10 iters with {'c1': 0.5, 'c2': 0.3, 'w': 0.9}
2023-06-10 11:44:08,456 - root - INFO - Config file: default_config.yaml
2023-06-10 11:44:10,845 - root - INFO - Simulation directory: ./sims/
2023-06-10 11:44:10,845 - root - INFO - Log directory: /home/ajvendetta/ray_results
2023-06-10 11:44:10,845 - root - INFO - True
2023-06-10 11:44:10,854 - pyswarms.single.global_best - INFO - Optimize for 10 iters with {'c1': 0.5, 'c2': 0.3, 'w': 0.9}
2023-06-10 11:45:55,894 - root - INFO - Config file: default_config.yaml
2023-06-10 11:45:58,089 - root - INFO - Running clean run
2023-06-10 11:45:58,090 - root - INFO - Simulation directory: ./sims/
2023-06-10 11:45:58,090 - root - INFO - Log directory: /home/ajvendetta/ray_results
2023-06-10 11:45:58,090 - root - INFO - True
2023-06-10 11:45:58,099 - pyswarms.single.global_best - INFO - Optimize for 10 iters with {'c1': 0.5, 'c2': 0.3, 'w': 0.9}
2023-06-10 11:47:55,572 - root - INFO - Config file: default_config.yaml
2023-06-10 11:47:57,753 - root - INFO - Running clean run
2023-06-10 11:47:57,754 - root - INFO - Simulation directory: ./sims/
2023-06-10 11:47:57,754 - root - INFO - Log directory: /home/ajvendetta/ray_results
2023-06-10 11:47:57,754 - root - INFO - True
2023-06-10 11:48:14,197 - root - INFO - Config file: default_config.yaml
2023-06-10 11:48:16,394 - root - INFO - Running clean run
2023-06-10 11:48:16,394 - root - INFO - Simulation directory: ./sims/
2023-06-10 11:48:16,394 - root - INFO - Log directory: /home/ajvendetta/ray_results
2023-06-10 11:48:16,394 - root - INFO - True
2023-06-10 11:48:16,403 - pyswarms.single.global_best - INFO - Optimize for 10 iters with {'c1': 0.5, 'c2': 0.3, 'w': 0.9}
2023-06-10 11:48:54,947 - root - INFO - Config file: default_config.yaml
2023-06-10 11:48:57,163 - root - INFO - Running clean run
2023-06-10 11:48:57,163 - root - INFO - Simulation directory: ./sims/
2023-06-10 11:48:57,163 - root - INFO - Log directory: /home/ajvendetta/ray_results
2023-06-10 11:48:57,163 - root - INFO - True
2023-06-10 11:48:57,172 - pyswarms.single.global_best - INFO - Optimize for 10 iters with {'c1': 0.5, 'c2': 0.3, 'w': 0.9}
2023-06-10 11:49:15,109 - root - INFO - Config file: default_config.yaml
2023-06-10 11:49:17,182 - root - INFO - Running clean run
2023-06-10 11:49:17,183 - root - INFO - Simulation directory: ./sims/
2023-06-10 11:49:17,183 - root - INFO - Log directory: /home/ajvendetta/ray_results
2023-06-10 11:49:17,183 - root - INFO - True
2023-06-10 11:49:17,191 - pyswarms.single.global_best - INFO - Optimize for 10 iters with {'c1': 0.5, 'c2': 0.3, 'w': 0.9}
2023-06-10 11:50:05,946 - root - INFO - Config file: default_config.yaml
2023-06-10 11:50:08,023 - root - INFO - Running clean run
2023-06-10 11:50:08,023 - root - INFO - Simulation directory: ./sims/
2023-06-10 11:50:08,024 - root - INFO - Log directory: /home/ajvendetta/ray_results
2023-06-10 11:50:08,024 - root - INFO - True
2023-06-10 11:50:08,033 - pyswarms.single.global_best - INFO - Optimize for 10 iters with {'c1': 0.5, 'c2': 0.3, 'w': 0.9}
2023-06-10 11:51:55,796 - root - INFO - Config file: default_config.yaml
2023-06-10 11:51:57,984 - root - INFO - Running clean run
2023-06-10 11:51:57,984 - root - INFO - Simulation directory: ./sims/
2023-06-10 11:51:57,984 - root - INFO - Log directory: /home/ajvendetta/ray_results
2023-06-10 11:51:57,984 - root - INFO - True
2023-06-10 11:51:57,994 - pyswarms.single.global_best - INFO - Optimize for 10 iters with {'c1': 0.5, 'c2': 0.3, 'w': 0.9}
2023-06-10 12:00:10,105 - root - INFO - Config file: default_config.yaml
2023-06-10 12:00:12,145 - root - INFO - Running clean run
2023-06-10 12:00:12,145 - root - INFO - Simulation directory: ./sims/
2023-06-10 12:00:12,145 - root - INFO - Log directory: /home/ajvendetta/ray_results
2023-06-10 12:00:12,145 - root - INFO - True
2023-06-10 12:00:12,154 - pyswarms.single.global_best - INFO - Optimize for 10 iters with {'c1': 0.5, 'c2': 0.3, 'w': 0.9}
2023-06-10 12:01:01,053 - root - INFO - Config file: default_config.yaml
2023-06-10 12:01:03,130 - root - INFO - Running clean run
2023-06-10 12:01:03,130 - root - INFO - Simulation directory: ./sims/
2023-06-10 12:01:03,130 - root - INFO - Log directory: /home/ajvendetta/ray_results
2023-06-10 12:01:03,130 - root - INFO - True
2023-06-10 12:01:03,140 - pyswarms.single.global_best - INFO - Optimize for 10 iters with {'c1': 0.5, 'c2': 0.3, 'w': 0.9}
2023-06-10 12:02:04,358 - root - INFO - Config file: default_config.yaml
2023-06-10 12:02:06,423 - root - INFO - Running clean run
2023-06-10 12:02:06,423 - root - INFO - Simulation directory: ./sims/
2023-06-10 12:02:06,423 - root - INFO - Log directory: /home/ajvendetta/ray_results
2023-06-10 12:02:06,423 - root - INFO - True
2023-06-10 12:02:06,432 - pyswarms.single.global_best - INFO - Optimize for 10 iters with {'c1': 0.5, 'c2': 0.3, 'w': 0.9}
2023-06-10 12:10:08,341 - root - INFO - Config file: default_config.yaml
2023-06-10 12:10:10,531 - root - INFO - Running clean run
2023-06-10 12:10:10,531 - root - INFO - Simulation directory: ./sims/
2023-06-10 12:10:10,531 - root - INFO - Log directory: /home/ajvendetta/ray_results
2023-06-10 12:10:10,531 - root - INFO - True
2023-06-10 12:10:10,541 - pyswarms.single.global_best - INFO - Optimize for 10 iters with {'c1': 0.5, 'c2': 0.3, 'w': 0.9}
2023-06-10 12:10:58,205 - root - INFO - Config file: default_config.yaml
2023-06-10 12:11:00,342 - root - INFO - Running clean run
2023-06-10 12:11:00,342 - root - INFO - Simulation directory: ./sims/
2023-06-10 12:11:00,342 - root - INFO - Log directory: /home/ajvendetta/ray_results
2023-06-10 12:11:00,342 - root - INFO - True
2023-06-10 12:11:00,351 - pyswarms.single.global_best - INFO - Optimize for 10 iters with {'c1': 0.5, 'c2': 0.3, 'w': 0.9}
2023-06-10 12:12:12,749 - root - INFO - Config file: default_config.yaml
2023-06-10 12:12:14,851 - root - INFO - Running clean run
2023-06-10 12:12:14,851 - root - INFO - Simulation directory: ./sims/
2023-06-10 12:12:14,851 - root - INFO - Log directory: /home/ajvendetta/ray_results
2023-06-10 12:12:14,851 - root - INFO - True
2023-06-10 12:12:14,860 - pyswarms.single.global_best - INFO - Optimize for 10 iters with {'c1': 0.5, 'c2': 0.3, 'w': 0.9}
2023-06-10 12:12:56,055 - root - INFO - Config file: default_config.yaml
2023-06-10 12:12:58,201 - root - INFO - Running clean run
2023-06-10 12:12:58,201 - root - INFO - Simulation directory: ./sims/
2023-06-10 12:12:58,201 - root - INFO - Log directory: /home/ajvendetta/ray_results
2023-06-10 12:12:58,201 - root - INFO - True
2023-06-10 12:12:58,213 - pyswarms.single.global_best - INFO - Optimize for 10 iters with {'c1': 0.5, 'c2': 0.3, 'w': 0.9}
2023-06-10 12:15:13,377 - root - INFO - Config file: default_config.yaml
2023-06-10 12:15:15,743 - root - INFO - Running clean run
2023-06-10 12:15:15,743 - root - INFO - Simulation directory: ./sims/
2023-06-10 12:15:15,744 - root - INFO - Log directory: /home/ajvendetta/ray_results
2023-06-10 12:15:15,744 - root - INFO - True
2023-06-10 12:15:15,756 - pyswarms.single.global_best - INFO - Optimize for 10 iters with {'c1': 0.5, 'c2': 0.3, 'w': 0.9}
2023-06-10 12:18:30,704 - root - INFO - Config file: default_config.yaml
2023-06-10 12:18:32,952 - root - INFO - Running clean run
2023-06-10 12:18:32,952 - root - INFO - Simulation directory: ./sims/
2023-06-10 12:18:32,952 - root - INFO - Log directory: /home/ajvendetta/ray_results
2023-06-10 12:18:32,952 - root - INFO - True
2023-06-10 12:18:32,966 - pyswarms.single.global_best - INFO - Optimize for 10 iters with {'c1': 0.5, 'c2': 0.3, 'w': 0.9}
2023-06-10 12:19:56,227 - root - INFO - Config file: default_config.yaml
2023-06-10 12:19:58,511 - root - INFO - Running clean run
2023-06-10 12:19:58,511 - root - INFO - Simulation directory: ./sims/
2023-06-10 12:19:58,512 - root - INFO - Log directory: /home/ajvendetta/ray_results
2023-06-10 12:19:58,512 - root - INFO - True
2023-06-10 12:19:58,526 - pyswarms.single.global_best - INFO - Optimize for 10 iters with {'c1': 0.5, 'c2': 0.3, 'w': 0.9}
2023-06-10 12:20:45,759 - root - INFO - Config file: default_config.yaml
2023-06-10 12:20:48,232 - root - INFO - Running clean run
2023-06-10 12:20:48,232 - root - INFO - Simulation directory: ./sims/
2023-06-10 12:20:48,232 - root - INFO - Log directory: /home/ajvendetta/ray_results
2023-06-10 12:20:48,232 - root - INFO - True
2023-06-10 12:20:48,244 - pyswarms.single.global_best - INFO - Optimize for 10 iters with {'c1': 0.5, 'c2': 0.3, 'w': 0.9}
2023-06-10 12:32:06,597 - root - INFO - Config file: default_config.yaml
2023-06-10 12:32:08,877 - root - INFO - Running clean run
2023-06-10 12:32:08,877 - root - INFO - Simulation directory: ./sims/
2023-06-10 12:32:08,877 - root - INFO - Log directory: /home/ajvendetta/ray_results
2023-06-10 12:32:08,877 - root - INFO - True
2023-06-10 12:32:08,890 - pyswarms.single.global_best - INFO - Optimize for 10 iters with {'c1': 0.5, 'c2': 0.3, 'w': 0.9}
2023-06-10 12:35:03,658 - root - INFO - Config file: default_config.yaml
2023-06-10 12:35:06,383 - root - INFO - Running clean run
2023-06-10 12:35:06,384 - root - INFO - Simulation directory: ./sims/
2023-06-10 12:35:06,384 - root - INFO - Log directory: /home/ajvendetta/ray_results
2023-06-10 12:35:06,384 - root - INFO - True
2023-06-10 12:35:06,397 - pyswarms.single.global_best - INFO - Optimize for 10 iters with {'c1': 0.5, 'c2': 0.3, 'w': 0.9}
2023-06-10 12:36:12,789 - root - INFO - Config file: default_config.yaml
2023-06-10 12:36:15,329 - root - INFO - Running clean run
2023-06-10 12:36:15,330 - root - INFO - Simulation directory: ./sims/
2023-06-10 12:36:15,330 - root - INFO - Log directory: /home/ajvendetta/ray_results
2023-06-10 12:36:15,330 - root - INFO - True
2023-06-10 12:36:15,342 - pyswarms.single.global_best - INFO - Optimize for 10 iters with {'c1': 0.5, 'c2': 0.3, 'w': 0.9}
2023-06-10 12:36:58,102 - root - INFO - Config file: default_config.yaml
2023-06-10 12:37:00,656 - root - INFO - Running clean run
2023-06-10 12:37:00,656 - root - INFO - Simulation directory: ./sims/
2023-06-10 12:37:00,656 - root - INFO - Log directory: /home/ajvendetta/ray_results
2023-06-10 12:37:00,656 - root - INFO - True
2023-06-10 12:37:00,675 - pyswarms.single.global_best - INFO - Optimize for 10 iters with {'c1': 0.5, 'c2': 0.3, 'w': 0.9}
2023-06-10 12:37:30,941 - root - INFO - Config file: default_config.yaml
2023-06-10 12:37:33,264 - root - INFO - Running clean run
2023-06-10 12:37:33,264 - root - INFO - Simulation directory: ./sims/
2023-06-10 12:37:33,264 - root - INFO - Log directory: /home/ajvendetta/ray_results
2023-06-10 12:37:33,264 - root - INFO - True
2023-06-10 12:37:33,275 - pyswarms.single.global_best - INFO - Optimize for 10 iters with {'c1': 0.5, 'c2': 0.3, 'w': 0.9}
2023-06-10 14:18:05,805 - root - INFO - Config file: default_config.yaml
2023-06-10 14:18:07,923 - root - INFO - Running clean run
2023-06-10 14:18:07,923 - root - INFO - Simulation directory: ./sims/
2023-06-10 14:18:07,923 - root - INFO - Log directory: /home/ajvendetta/ray_results
2023-06-10 14:18:07,923 - root - INFO - True
2023-06-10 14:18:47,167 - root - INFO - Config file: default_config.yaml
2023-06-10 14:18:49,341 - root - INFO - Running clean run
2023-06-10 14:18:49,341 - root - INFO - Simulation directory: ./sims/
2023-06-10 14:18:49,341 - root - INFO - Log directory: /home/ajvendetta/ray_results
2023-06-10 14:18:49,342 - root - INFO - True
2023-06-10 14:19:15,615 - root - INFO - Config file: default_config.yaml
2023-06-10 14:19:17,760 - root - INFO - Running clean run
2023-06-10 14:19:17,760 - root - INFO - Simulation directory: ./sims/
2023-06-10 14:19:17,760 - root - INFO - Log directory: /home/ajvendetta/ray_results
2023-06-10 14:19:17,760 - root - INFO - True
2023-06-10 14:20:35,909 - root - INFO - Config file: default_config.yaml
2023-06-10 14:20:38,170 - root - INFO - Running clean run
2023-06-10 14:20:38,170 - root - INFO - Simulation directory: ./sims/
2023-06-10 14:20:38,170 - root - INFO - Log directory: /home/ajvendetta/ray_results
2023-06-10 14:20:38,170 - root - INFO - True
2023-06-10 14:53:19,540 - root - INFO - Config file: default_config.yaml
2023-06-10 14:53:21,945 - root - INFO - Simulation directory: ./sims/
2023-06-10 14:53:21,945 - root - INFO - Log directory: /home/ajvendetta/ray_results
2023-06-10 14:53:21,945 - root - INFO - True
2023-06-10 14:57:42,571 - root - INFO - Config file: default_config.yaml
2023-06-10 14:57:44,994 - root - INFO - Simulation directory: ./sims/
2023-06-10 14:57:44,994 - root - INFO - Log directory: /home/ajvendetta/ray_results
2023-06-10 14:57:44,994 - root - INFO - True
2023-06-10 14:58:17,601 - root - INFO - Config file: default_config.yaml
2023-06-10 14:58:19,758 - root - INFO - Running clean run
2023-06-10 14:58:19,758 - root - INFO - Simulation directory: ./sims/
2023-06-10 14:58:19,758 - root - INFO - Log directory: /home/ajvendetta/ray_results
2023-06-10 14:58:19,758 - root - INFO - True
2023-06-10 15:14:17,529 - root - INFO - Config file: default_config.yaml
2023-06-10 15:14:20,153 - root - INFO - Running clean run
2023-06-10 15:14:20,153 - root - INFO - Simulation directory: ./sims/
2023-06-10 15:14:20,153 - root - INFO - Log directory: /home/ajvendetta/ray_results
2023-06-10 15:14:20,153 - root - INFO - True
2023-06-10 21:11:45,645 - root - INFO - Config file: default_config.yaml
2023-06-10 21:14:45,235 - root - INFO - Config file: default_config.yaml
2023-06-10 21:27:39,795 - root - INFO - Config file: default_config.yaml
2023-06-10 21:27:43,485 - root - INFO - Simulation directory: ./sims/
2023-06-10 21:27:43,485 - root - INFO - Log directory: C:\Users\alhussein Jamil\ray_results
2023-06-10 21:27:43,485 - root - INFO - True
2023-06-10 21:31:11,478 - root - INFO - Config file: default_config.yaml
2023-06-10 21:31:51,981 - root - INFO - Config file: default_config.yaml
2023-06-10 21:31:55,668 - root - INFO - Simulation directory: ./sims/
2023-06-10 21:31:55,669 - root - INFO - Log directory: F:\ray_results
2023-06-10 21:31:55,669 - root - INFO - False
2023-06-10 21:34:13,893 - root - INFO - Config file: default_config.yaml
2023-06-10 21:34:17,451 - root - INFO - Simulation directory: ./sims/
2023-06-10 21:34:17,451 - root - INFO - Log directory: F:\ray_results
2023-06-10 21:34:17,451 - root - INFO - False
2023-06-10 21:35:27,018 - root - INFO - Config file: default_config.yaml
2023-06-10 21:35:30,574 - root - INFO - Simulation directory: ./sims/
2023-06-10 21:35:30,576 - root - INFO - Log directory: F:\ray_results
2023-06-10 21:35:30,576 - root - INFO - False
2023-06-10 23:34:14,447 - root - INFO - Config file: default_config.yaml
2023-06-10 23:34:17,952 - root - INFO - Simulation directory: ./sims/
2023-06-10 23:34:17,952 - root - INFO - Log directory: F:\ray_results
2023-06-10 23:34:17,953 - root - INFO - False
2023-06-11 00:43:37,451 - root - INFO - Config file: default_config.yaml
2023-06-11 00:43:41,050 - root - INFO - Simulation directory: ./sims/
2023-06-11 00:43:41,050 - root - INFO - Log directory: F:\ray_results
2023-06-11 00:43:41,051 - root - INFO - False
2023-06-11 00:43:41,219 - pyswarms.single.global_best - INFO - Optimize for 30 iters with {'c1': 0.5, 'c2': 0.3, 'w': 0.9}
2023-06-11 00:48:12,987 - root - INFO - Config file: default_config.yaml
2023-06-11 00:48:16,336 - root - INFO - Simulation directory: ./sims/
2023-06-11 00:48:16,337 - root - INFO - Log directory: F:\ray_results
2023-06-11 00:48:16,337 - root - INFO - False
2023-06-11 00:48:16,356 - pyswarms.single.global_best - INFO - Optimize for 30 iters with {'c1': 0.5, 'c2': 0.3, 'w': 0.9}
2023-06-11 00:49:15,309 - root - INFO - Config file: default_config.yaml
2023-06-11 00:49:18,637 - root - INFO - Simulation directory: ./sims/
2023-06-11 00:49:18,638 - root - INFO - Log directory: F:\ray_results
2023-06-11 00:49:18,638 - root - INFO - False
2023-06-11 00:49:18,799 - pyswarms.single.global_best - INFO - Optimize for 30 iters with {'c1': 0.5, 'c2': 0.3, 'w': 0.9}
2023-06-11 00:50:08,265 - root - INFO - Config file: default_config.yaml
2023-06-11 00:50:11,477 - root - INFO - Simulation directory: ./sims/
2023-06-11 00:50:11,478 - root - INFO - Log directory: F:\ray_results
2023-06-11 00:50:11,478 - root - INFO - False
2023-06-11 00:50:11,494 - pyswarms.single.global_best - INFO - Optimize for 30 iters with {'c1': 0.5, 'c2': 0.3, 'w': 0.9}
2023-06-11 00:51:39,956 - root - INFO - Config file: default_config.yaml
2023-06-11 00:51:43,246 - root - INFO - Simulation directory: ./sims/
2023-06-11 00:51:43,247 - root - INFO - Log directory: F:\ray_results
2023-06-11 00:51:43,247 - root - INFO - False
2023-06-11 00:51:43,255 - pyswarms.single.global_best - INFO - Optimize for 30 iters with {'c1': 0.5, 'c2': 0.3, 'w': 0.9}
2023-06-11 00:52:36,843 - root - INFO - Config file: default_config.yaml
2023-06-11 00:52:40,263 - root - INFO - Simulation directory: ./sims/
2023-06-11 00:52:40,263 - root - INFO - Log directory: F:\ray_results
2023-06-11 00:52:40,264 - root - INFO - False
2023-06-11 00:52:40,282 - pyswarms.single.global_best - INFO - Optimize for 30 iters with {'c1': 0.5, 'c2': 0.3, 'w': 0.9}
2023-06-11 00:53:59,541 - root - INFO - Config file: default_config.yaml
2023-06-11 00:54:02,728 - root - INFO - Simulation directory: ./sims/
2023-06-11 00:54:02,728 - root - INFO - Log directory: F:\ray_results
2023-06-11 00:54:02,729 - root - INFO - False
2023-06-11 00:54:02,738 - pyswarms.single.global_best - INFO - Optimize for 30 iters with {'c1': 0.5, 'c2': 0.3, 'w': 0.9}
2023-06-11 00:55:01,349 - root - INFO - Config file: default_config.yaml
2023-06-11 00:55:04,767 - root - INFO - Simulation directory: ./sims/
2023-06-11 00:55:04,768 - root - INFO - Log directory: F:\ray_results
2023-06-11 00:55:04,768 - root - INFO - False
2023-06-11 00:55:04,777 - pyswarms.single.global_best - INFO - Optimize for 30 iters with {'c1': 0.5, 'c2': 0.3, 'w': 0.9}
2023-06-11 00:56:31,934 - root - INFO - Config file: default_config.yaml
2023-06-11 00:56:35,123 - root - INFO - Simulation directory: ./sims/
2023-06-11 00:56:35,228 - root - INFO - Log directory: F:\ray_results
2023-06-11 00:56:35,229 - root - INFO - False
2023-06-11 00:56:35,240 - pyswarms.single.global_best - INFO - Optimize for 30 iters with {'c1': 0.5, 'c2': 0.3, 'w': 0.9}
2023-06-11 00:58:51,641 - root - INFO - Config file: default_config.yaml
2023-06-11 00:58:54,895 - root - INFO - Simulation directory: ./sims/
2023-06-11 00:58:54,895 - root - INFO - Log directory: F:\ray_results
2023-06-11 00:58:54,896 - root - INFO - False
2023-06-11 00:58:54,914 - pyswarms.single.global_best - INFO - Optimize for 30 iters with {'c1': 0.5, 'c2': 0.3, 'w': 0.9}
2023-06-11 10:43:01,720 - root - INFO - Config file: default_config.yaml
2023-06-11 10:43:04,951 - root - INFO - Simulation directory: ./sims/
2023-06-11 10:43:04,951 - root - INFO - Log directory: F:\ray_results
2023-06-11 10:43:04,951 - root - INFO - False
2023-06-11 10:43:05,117 - pyswarms.single.global_best - INFO - Optimize for 30 iters with {'c1': 0.5, 'c2': 0.3, 'w': 0.9}
2023-06-11 12:15:01,354 - root - INFO - Config file: default_config.yaml
2023-06-11 12:15:04,602 - root - INFO - Simulation directory: ./sims/
2023-06-11 12:15:04,603 - root - INFO - Log directory: F:\ray_results
2023-06-11 12:15:04,603 - root - INFO - False
2023-06-11 12:15:36,639 - root - INFO - Config file: default_config.yaml
2023-06-11 12:15:39,876 - root - INFO - Simulation directory: ./sims/
2023-06-11 12:15:39,876 - root - INFO - Log directory: F:\ray_results
2023-06-11 12:15:39,877 - root - INFO - False
2023-06-11 12:15:39,890 - pyswarms.single.global_best - INFO - Optimize for 1 iters with {'c1': 0.5, 'c2': 0.3, 'w': 0.9}
2023-06-11 12:23:21,908 - root - INFO - Config file: default_config.yaml
2023-06-11 12:23:25,335 - root - INFO - Simulation directory: ./sims/
2023-06-11 12:23:25,336 - root - INFO - Log directory: F:\ray_results
2023-06-11 12:23:25,336 - root - INFO - False
2023-06-11 12:26:05,256 - root - INFO - Config file: default_config.yaml
2023-06-11 12:26:08,531 - root - INFO - Simulation directory: ./sims/
2023-06-11 12:26:08,531 - root - INFO - Log directory: F:\ray_results
2023-06-11 12:26:08,532 - root - INFO - False
2023-06-11 12:30:00,796 - root - INFO - Config file: default_config.yaml
2023-06-11 12:30:04,359 - root - INFO - Simulation directory: ./sims/
2023-06-11 12:30:04,359 - root - INFO - Log directory: F:\ray_results
2023-06-11 12:30:04,360 - root - INFO - False
2023-06-11 12:32:15,859 - root - INFO - Config file: default_config.yaml
2023-06-11 12:32:19,346 - root - INFO - Simulation directory: ./sims/
2023-06-11 12:32:19,346 - root - INFO - Log directory: F:\ray_results
2023-06-11 12:32:19,347 - root - INFO - False
2023-06-11 12:34:01,755 - root - INFO - Config file: default_config.yaml
2023-06-11 12:34:05,630 - root - INFO - Simulation directory: ./sims/
2023-06-11 12:34:05,631 - root - INFO - Log directory: F:\ray_results
2023-06-11 12:34:05,631 - root - INFO - False
2023-06-11 13:16:29,308 - root - INFO - Config file: default_config.yaml
2023-06-11 13:16:32,735 - root - INFO - Simulation directory: ./sims/
2023-06-11 13:16:32,736 - root - INFO - Log directory: F:\ray_results
2023-06-11 13:16:32,736 - root - INFO - False
2023-06-11 13:17:59,047 - root - INFO - Config file: default_config.yaml
2023-06-11 13:18:02,528 - root - INFO - Simulation directory: ./sims/
2023-06-11 13:18:02,528 - root - INFO - Log directory: F:\ray_results
2023-06-11 13:18:02,528 - root - INFO - False
2023-06-11 13:18:25,397 - root - INFO - Config file: default_config.yaml
2023-06-11 13:19:05,318 - root - INFO - Config file: default_config.yaml
2023-06-11 13:19:08,829 - root - INFO - Simulation directory: ./sims/
2023-06-11 13:19:08,829 - root - INFO - Log directory: F:\ray_results
2023-06-11 13:19:08,830 - root - INFO - False
2023-06-11 13:20:10,927 - root - INFO - Config file: default_config.yaml
2023-06-11 13:20:14,371 - root - INFO - Simulation directory: ./sims/
2023-06-11 13:20:14,371 - root - INFO - Log directory: F:\ray_results
2023-06-11 13:20:14,371 - root - INFO - False
2023-06-11 13:21:08,972 - root - INFO - Config file: default_config.yaml
2023-06-11 13:21:12,466 - root - INFO - Simulation directory: ./sims/
2023-06-11 13:21:12,466 - root - INFO - Log directory: F:\ray_results
2023-06-11 13:21:12,467 - root - INFO - False
2023-06-11 13:22:28,696 - root - INFO - Config file: default_config.yaml
2023-06-11 13:22:32,464 - root - INFO - Simulation directory: ./sims/
2023-06-11 13:22:32,465 - root - INFO - Log directory: F:\ray_results
2023-06-11 13:22:32,465 - root - INFO - False
2023-06-11 15:15:01,485 - root - INFO - Config file: default_config.yaml
2023-06-11 15:15:05,011 - root - INFO - Simulation directory: ./sims/
2023-06-11 15:15:05,012 - root - INFO - Log directory: C:\Users\alhussein Jamil\ray_results
2023-06-11 15:15:05,012 - root - INFO - True
2023-06-11 15:22:47,010 - root - INFO - Config file: default_config.yaml
2023-06-11 15:22:50,544 - root - INFO - Simulation directory: ./sims/
2023-06-11 15:22:50,544 - root - INFO - Log directory: C:\Users\alhussein Jamil\ray_results
2023-06-11 15:22:50,545 - root - INFO - True
2023-06-11 15:23:34,524 - root - INFO - Config file: default_config.yaml
2023-06-11 15:23:38,001 - root - INFO - Running clean run
2023-06-11 15:23:38,002 - root - INFO - Simulation directory: ./sims/
2023-06-11 15:23:38,002 - root - INFO - Log directory: C:\Users\alhussein Jamil\ray_results
2023-06-11 15:23:38,003 - root - INFO - True
2023-06-11 18:42:09,500 - root - INFO - Config file: default_config.yaml
2023-06-11 18:42:16,478 - root - INFO - Config file: default_config.yaml
2023-06-11 18:42:20,203 - root - INFO - Running clean run
2023-06-11 18:42:20,204 - root - INFO - Simulation directory: ./sims/
2023-06-11 18:42:20,204 - root - INFO - Log directory: C:\Users\alhussein Jamil\ray_results
2023-06-11 18:42:20,204 - root - INFO - False
2023-06-11 18:44:46,259 - root - INFO - Config file: default_config.yaml
2023-06-11 18:44:56,121 - root - INFO - Config file: default_config.yaml
2023-06-11 18:44:59,347 - root - INFO - Running clean run
2023-06-11 18:44:59,347 - root - INFO - Simulation directory: ./sims/
2023-06-11 18:44:59,347 - root - INFO - Log directory: C:\Users\alhussein Jamil\ray_results
2023-06-11 18:44:59,348 - root - INFO - True
2023-06-11 19:08:28,011 - root - INFO - Config file: default_config.yaml
2023-06-11 19:08:31,648 - root - INFO - Running clean run
2023-06-11 19:08:31,648 - root - INFO - Simulation directory: ./sims/
2023-06-11 19:08:31,649 - root - INFO - Log directory: C:\Users\alhussein Jamil\ray_results
2023-06-11 19:08:31,649 - root - INFO - True
2023-06-11 21:26:07,986 - root - INFO - Config file: default_config.yaml
2023-06-11 21:26:11,328 - root - INFO - Running clean run
2023-06-11 21:26:11,329 - root - INFO - Simulation directory: ./sims/
2023-06-11 21:26:11,329 - root - INFO - Log directory: C:\Users\alhussein Jamil\ray_results
2023-06-11 21:26:11,329 - root - INFO - True
2023-06-11 21:27:47,960 - root - INFO - Config file: default_config.yaml
2023-06-11 21:27:51,173 - root - INFO - Running clean run
2023-06-11 21:27:51,173 - root - INFO - Simulation directory: ./sims/
2023-06-11 21:27:51,173 - root - INFO - Log directory: C:\Users\alhussein Jamil\ray_results
2023-06-11 21:27:51,174 - root - INFO - True
2023-06-11 21:32:45,726 - root - INFO - Config file: default_config.yaml
2023-06-11 21:32:49,104 - root - INFO - Running clean run
2023-06-11 21:32:49,104 - root - INFO - Simulation directory: ./sims/
2023-06-11 21:32:49,104 - root - INFO - Log directory: C:\Users\alhussein Jamil\ray_results
2023-06-11 21:32:49,105 - root - INFO - True
2023-06-11 21:33:40,260 - root - INFO - Config file: default_config.yaml
2023-06-11 21:33:43,462 - root - INFO - Running clean run
2023-06-11 21:33:43,463 - root - INFO - Simulation directory: ./sims/
2023-06-11 21:33:43,463 - root - INFO - Log directory: C:\Users\alhussein Jamil\ray_results
2023-06-11 21:33:43,463 - root - INFO - True
2023-06-11 23:17:20,874 - root - INFO - Config file: default_config.yaml
2023-06-11 23:17:24,072 - root - INFO - Running clean run
2023-06-11 23:17:24,072 - root - INFO - Simulation directory: ./sims/
2023-06-11 23:17:24,073 - root - INFO - Log directory: C:\Users\alhussein Jamil\ray_results
2023-06-11 23:17:24,073 - root - INFO - True
2023-06-11 23:18:48,306 - root - INFO - Config file: default_config.yaml
2023-06-11 23:18:51,554 - root - INFO - Running clean run
2023-06-11 23:18:51,555 - root - INFO - Simulation directory: ./sims/
2023-06-11 23:18:51,555 - root - INFO - Log directory: C:\Users\alhussein Jamil\ray_results
2023-06-11 23:18:51,555 - root - INFO - True
2023-06-11 23:19:49,316 - root - INFO - Config file: default_config.yaml
2023-06-11 23:19:52,582 - root - INFO - Running clean run
2023-06-11 23:19:52,582 - root - INFO - Simulation directory: ./sims/
2023-06-11 23:19:52,582 - root - INFO - Log directory: C:\Users\alhussein Jamil\ray_results
2023-06-11 23:19:52,583 - root - INFO - True
2023-06-11 23:20:30,332 - root - INFO - Config file: default_config.yaml
2023-06-11 23:20:33,522 - root - INFO - Running clean run
2023-06-11 23:20:33,523 - root - INFO - Simulation directory: ./sims/
2023-06-11 23:20:33,523 - root - INFO - Log directory: C:\Users\alhussein Jamil\ray_results
2023-06-11 23:20:33,523 - root - INFO - True
2023-06-11 23:21:17,110 - root - INFO - Config file: default_config.yaml
2023-06-11 23:21:20,369 - root - INFO - Running clean run
2023-06-11 23:21:20,369 - root - INFO - Simulation directory: ./sims/
2023-06-11 23:21:20,369 - root - INFO - Log directory: C:\Users\alhussein Jamil\ray_results
2023-06-11 23:21:20,370 - root - INFO - True
2023-06-12 00:13:25,339 - root - INFO - Config file: default_config.yaml
2023-06-12 00:13:29,095 - root - INFO - Running clean run
2023-06-12 00:13:29,096 - root - INFO - Simulation directory: ./sims/
2023-06-12 00:13:29,096 - root - INFO - Log directory: C:\Users\alhussein Jamil\ray_results
2023-06-12 00:13:29,096 - root - INFO - True
2023-06-12 00:16:17,643 - root - INFO - Config file: default_config.yaml
2023-06-12 00:16:21,141 - root - INFO - Running clean run
2023-06-12 00:16:21,141 - root - INFO - Simulation directory: ./sims/
2023-06-12 00:16:21,141 - root - INFO - Log directory: C:\Users\alhussein Jamil\ray_results
2023-06-12 00:16:21,142 - root - INFO - True
2023-06-12 00:17:44,143 - root - INFO - Config file: default_config.yaml
2023-06-12 00:17:47,723 - root - INFO - Running clean run
2023-06-12 00:17:47,723 - root - INFO - Simulation directory: ./sims/
2023-06-12 00:17:47,724 - root - INFO - Log directory: C:\Users\alhussein Jamil\ray_results
2023-06-12 00:17:47,724 - root - INFO - True
2023-06-12 00:24:25,307 - root - INFO - Config file: default_config.yaml
2023-06-12 00:24:28,697 - root - INFO - Running clean run
2023-06-12 00:24:28,698 - root - INFO - Simulation directory: ./sims/
2023-06-12 00:24:28,698 - root - INFO - Log directory: C:\Users\alhussein Jamil\ray_results
2023-06-12 00:24:28,698 - root - INFO - True
2023-06-12 00:25:48,735 - root - INFO - Config file: default_config.yaml
2023-06-12 00:25:52,072 - root - INFO - Running clean run
2023-06-12 00:25:52,072 - root - INFO - Simulation directory: ./sims/
2023-06-12 00:25:52,072 - root - INFO - Log directory: C:\Users\alhussein Jamil\ray_results
2023-06-12 00:25:52,073 - root - INFO - True
2023-06-12 00:27:43,293 - root - INFO - Config file: default_config.yaml
2023-06-12 00:27:46,524 - root - INFO - Running clean run
2023-06-12 00:27:46,524 - root - INFO - Simulation directory: ./sims/
2023-06-12 00:27:46,524 - root - INFO - Log directory: C:\Users\alhussein Jamil\ray_results
2023-06-12 00:27:46,525 - root - INFO - True
2023-06-12 00:29:40,485 - root - INFO - Config file: default_config.yaml
2023-06-12 00:29:43,810 - root - INFO - Running clean run
2023-06-12 00:29:43,811 - root - INFO - Simulation directory: ./sims/
2023-06-12 00:29:43,811 - root - INFO - Log directory: C:\Users\alhussein Jamil\ray_results
2023-06-12 00:29:43,811 - root - INFO - True
2023-06-12 00:30:52,042 - root - INFO - Config file: default_config.yaml
2023-06-12 00:30:55,264 - root - INFO - Running clean run
2023-06-12 00:30:55,264 - root - INFO - Simulation directory: ./sims/
2023-06-12 00:30:55,264 - root - INFO - Log directory: C:\Users\alhussein Jamil\ray_results
2023-06-12 00:30:55,264 - root - INFO - True
2023-06-12 00:32:13,266 - root - INFO - Config file: default_config.yaml
2023-06-12 00:32:16,500 - root - INFO - Running clean run
2023-06-12 00:32:16,500 - root - INFO - Simulation directory: ./sims/
2023-06-12 00:32:16,501 - root - INFO - Log directory: C:\Users\alhussein Jamil\ray_results
2023-06-12 00:32:16,501 - root - INFO - True
2023-06-12 00:34:15,924 - root - INFO - Config file: default_config.yaml
2023-06-12 00:34:19,206 - root - INFO - Running clean run
2023-06-12 00:34:19,207 - root - INFO - Simulation directory: ./sims/
2023-06-12 00:34:19,207 - root - INFO - Log directory: C:\Users\alhussein Jamil\ray_results
2023-06-12 00:34:19,207 - root - INFO - True
2023-06-12 00:35:03,216 - root - INFO - Config file: default_config.yaml
2023-06-12 00:35:06,386 - root - INFO - Running clean run
2023-06-12 00:35:06,386 - root - INFO - Simulation directory: ./sims/
2023-06-12 00:35:06,387 - root - INFO - Log directory: C:\Users\alhussein Jamil\ray_results
2023-06-12 00:35:06,387 - root - INFO - True
2023-06-12 00:38:48,677 - root - INFO - Config file: default_config.yaml
2023-06-12 00:38:51,849 - root - INFO - Running clean run
2023-06-12 00:38:51,849 - root - INFO - Simulation directory: ./sims/
2023-06-12 00:38:51,849 - root - INFO - Log directory: C:\Users\alhussein Jamil\ray_results
2023-06-12 00:38:51,850 - root - INFO - True
2023-06-12 00:39:22,940 - root - INFO - Config file: default_config.yaml
2023-06-12 00:39:26,107 - root - INFO - Running clean run
2023-06-12 00:39:26,108 - root - INFO - Simulation directory: ./sims/
2023-06-12 00:39:26,108 - root - INFO - Log directory: C:\Users\alhussein Jamil\ray_results
2023-06-12 00:39:26,108 - root - INFO - True
2023-06-12 00:42:39,188 - root - INFO - Config file: default_config.yaml
2023-06-12 00:42:42,436 - root - INFO - Running clean run
2023-06-12 00:42:42,436 - root - INFO - Simulation directory: ./sims/
2023-06-12 00:42:42,436 - root - INFO - Log directory: C:\Users\alhussein Jamil\ray_results
2023-06-12 00:42:42,437 - root - INFO - True
2023-06-12 00:45:25,697 - root - INFO - Config file: default_config.yaml
2023-06-12 00:45:28,924 - root - INFO - Running clean run
2023-06-12 00:45:28,925 - root - INFO - Simulation directory: ./sims/
2023-06-12 00:45:28,925 - root - INFO - Log directory: C:\Users\alhussein Jamil\ray_results
2023-06-12 00:45:28,925 - root - INFO - True
2023-06-12 00:45:52,187 - root - INFO - Config file: default_config.yaml
2023-06-12 00:45:55,459 - root - INFO - Running clean run
2023-06-12 00:45:55,459 - root - INFO - Simulation directory: ./sims/
2023-06-12 00:45:55,459 - root - INFO - Log directory: C:\Users\alhussein Jamil\ray_results
2023-06-12 00:45:55,460 - root - INFO - True
2023-06-12 00:54:52,564 - root - INFO - Config file: default_config.yaml
2023-06-12 00:54:55,864 - root - INFO - Running clean run
2023-06-12 00:54:55,865 - root - INFO - Simulation directory: ./sims/
2023-06-12 00:54:55,865 - root - INFO - Log directory: C:\Users\alhussein Jamil\ray_results
2023-06-12 00:54:55,865 - root - INFO - True
2023-06-12 00:55:30,753 - root - INFO - Config file: default_config.yaml
2023-06-12 00:55:33,899 - root - INFO - Running clean run
2023-06-12 00:55:33,899 - root - INFO - Simulation directory: ./sims/
2023-06-12 00:55:33,899 - root - INFO - Log directory: C:\Users\alhussein Jamil\ray_results
2023-06-12 00:55:33,900 - root - INFO - True
2023-06-12 00:56:24,590 - root - INFO - Config file: default_config.yaml
2023-06-12 00:56:27,785 - root - INFO - Running clean run
2023-06-12 00:56:27,786 - root - INFO - Simulation directory: ./sims/
2023-06-12 00:56:27,786 - root - INFO - Log directory: C:\Users\alhussein Jamil\ray_results
2023-06-12 00:56:27,786 - root - INFO - True
2023-06-12 01:22:16,515 - root - INFO - Config file: default_config.yaml
2023-06-12 01:22:20,128 - root - INFO - Running clean run
2023-06-12 01:22:20,155 - root - INFO - Simulation directory: ./sims/
2023-06-12 01:22:20,156 - root - INFO - Log directory: C:\Users\alhussein Jamil\ray_results
2023-06-12 01:22:20,156 - root - INFO - True
2023-06-12 01:24:10,874 - root - INFO - Config file: default_config.yaml
2023-06-12 01:24:14,144 - root - INFO - Running clean run
2023-06-12 01:24:14,145 - root - INFO - Simulation directory: ./sims/
2023-06-12 01:24:14,145 - root - INFO - Log directory: C:\Users\alhussein Jamil\ray_results
2023-06-12 01:24:14,145 - root - INFO - True
2023-06-12 08:16:31,270 - root - INFO - Config file: default_config.yaml
2023-06-12 08:16:34,633 - root - INFO - Running clean run
2023-06-12 08:16:34,633 - root - INFO - Simulation directory: ./sims/
2023-06-12 08:16:34,633 - root - INFO - Log directory: C:\Users\alhussein Jamil\ray_results
2023-06-12 08:16:34,633 - root - INFO - True
